\BOOKMARK [0][-]{chapter.1}{\376\377\000G\000e\000t\000t\000i\000n\000g\000\040\000s\000t\000a\000r\000t\000e\000d\000\040\000w\000i\000t\000h\000\040\000p\000y\000C\000A\000T\000C\000H}{}% 1
\BOOKMARK [1][-]{section.1.1}{\376\377\000R\000e\000a\000d\000i\000n\000g\000\040\000t\000h\000e\000\040\000d\000o\000c\000u\000m\000e\000n\000t\000a\000t\000i\000o\000n}{chapter.1}% 2
\BOOKMARK [1][-]{section.1.2}{\376\377\000I\000n\000s\000t\000a\000l\000l\000i\000n\000g\000\040\000p\000y\000C\000A\000T\000C\000H}{chapter.1}% 3
\BOOKMARK [1][-]{section.1.3}{\376\377\000I\000n\000i\000t\000i\000a\000l\000i\000z\000i\000n\000g\000\040\000p\000y\000C\000A\000T\000C\000H}{chapter.1}% 4
\BOOKMARK [1][-]{section.1.4}{\376\377\000D\000o\000w\000l\000o\000a\000d\000i\000n\000g\000\040\000d\000a\000t\000a}{chapter.1}% 5
\BOOKMARK [1][-]{section.1.5}{\376\377\000L\000o\000a\000d\000i\000n\000g\000\040\000d\000a\000t\000a}{chapter.1}% 6
\BOOKMARK [1][-]{section.1.6}{\376\377\000C\000a\000l\000i\000b\000r\000a\000t\000i\000n\000g\000\040\000d\000a\000t\000a}{chapter.1}% 7
\BOOKMARK [1][-]{section.1.7}{\376\377\000S\000e\000l\000e\000c\000t\000i\000n\000g\000\040\000c\000o\000r\000o\000n\000a\000l\000\040\000h\000o\000l\000e\000\040\000s\000e\000e\000d\000\040\000p\000o\000i\000n\000t}{chapter.1}% 8
\BOOKMARK [1][-]{section.1.8}{\376\377\000S\000e\000t\000t\000i\000n\000g\000\040\000a\000\040\000t\000h\000r\000e\000s\000h\000o\000l\000d}{chapter.1}% 9
\BOOKMARK [1][-]{section.1.9}{\376\377\000E\000x\000t\000r\000a\000c\000t\000i\000n\000g\000\040\000t\000h\000e\000\040\000c\000o\000r\000o\000n\000a\000l\000\040\000h\000o\000l\000e}{chapter.1}% 10
\BOOKMARK [1][-]{section.1.10}{\376\377\000C\000a\000l\000c\000u\000l\000a\000t\000i\000n\000g\000\040\000c\000o\000r\000o\000n\000a\000l\000\040\000h\000o\000l\000e\000\040\000p\000r\000o\000p\000e\000r\000t\000i\000e\000s}{chapter.1}% 11
\BOOKMARK [1][-]{section.1.11}{\376\377\000P\000l\000o\000t\000t\000i\000n\000g\000\040\000a\000n\000d\000\040\000s\000a\000v\000i\000n\000g\000\040\000c\000o\000r\000o\000n\000a\000l\000\040\000h\000o\000l\000e\000\040\000e\000x\000t\000r\000a\000c\000t\000i\000o\000n\000s}{chapter.1}% 12
\BOOKMARK [1][-]{section.1.12}{\376\377\000S\000a\000v\000i\000n\000g\000\040\000a\000n\000d\000\040\000l\000o\000a\000d\000i\000n\000g\000\040\000p\000y\000C\000A\000T\000C\000H\000\040\000s\000e\000s\000s\000i\000o\000n}{chapter.1}% 13
\BOOKMARK [1][-]{section.1.13}{\376\377\000E\000x\000a\000m\000p\000l\000e}{chapter.1}% 14
\BOOKMARK [0][-]{chapter.2}{\376\377\000p\000y\000C\000A\000T\000C\000H}{}% 15
\BOOKMARK [1][-]{section.2.1}{\376\377\000p\000y\000c\000a\000t\000c\000h\000.\000p\000y\000c\000a\000t\000c\000h}{chapter.2}% 16
\BOOKMARK [2][-]{subsection.2.1.1}{\376\377\000A\000t\000t\000r\000i\000b\000u\000t\000e\000s}{section.2.1}% 17
\BOOKMARK [2][-]{subsection.2.1.2}{\376\377\000P\000a\000r\000a\000m\000e\000t\000e\000r\000s}{section.2.1}% 18
\BOOKMARK [2][-]{subsection.2.1.3}{\376\377\000R\000e\000t\000u\000r\000n\000s}{section.2.1}% 19
\BOOKMARK [2][-]{subsection.2.1.4}{\376\377\000M\000e\000t\000h\000o\000d\000s}{section.2.1}% 20
\BOOKMARK [3][-]{subsubsection*.5}{\376\377\000P\000a\000r\000a\000m\000e\000t\000e\000r\000s}{subsection.2.1.4}% 21
\BOOKMARK [3][-]{subsubsection*.6}{\376\377\000R\000e\000t\000u\000r\000n\000s}{subsection.2.1.4}% 22
\BOOKMARK [3][-]{subsubsection*.8}{\376\377\000P\000a\000r\000a\000m\000e\000t\000e\000r\000s}{subsection.2.1.4}% 23
\BOOKMARK [3][-]{subsubsection*.9}{\376\377\000R\000e\000t\000u\000r\000n\000s}{subsection.2.1.4}% 24
\BOOKMARK [3][-]{subsubsection*.11}{\376\377\000P\000a\000r\000a\000m\000e\000t\000e\000r\000s}{subsection.2.1.4}% 25
\BOOKMARK [3][-]{subsubsection*.12}{\376\377\000R\000e\000t\000u\000r\000n\000s}{subsection.2.1.4}% 26
\BOOKMARK [3][-]{subsubsection*.14}{\376\377\000P\000a\000r\000a\000m\000e\000t\000e\000r\000s}{subsection.2.1.4}% 27
\BOOKMARK [3][-]{subsubsection*.15}{\376\377\000R\000e\000t\000u\000r\000n\000s}{subsection.2.1.4}% 28
\BOOKMARK [3][-]{subsubsection*.17}{\376\377\000P\000a\000r\000a\000m\000e\000t\000e\000r\000s}{subsection.2.1.4}% 29
\BOOKMARK [3][-]{subsubsection*.18}{\376\377\000R\000e\000t\000u\000r\000n\000s}{subsection.2.1.4}% 30
\BOOKMARK [3][-]{subsubsection*.20}{\376\377\000P\000a\000r\000a\000m\000e\000t\000e\000r\000s}{subsection.2.1.4}% 31
\BOOKMARK [3][-]{subsubsection*.21}{\376\377\000R\000e\000t\000u\000r\000n\000s}{subsection.2.1.4}% 32
\BOOKMARK [3][-]{subsubsection*.23}{\376\377\000P\000a\000r\000a\000m\000e\000t\000e\000r\000s}{subsection.2.1.4}% 33
\BOOKMARK [3][-]{subsubsection*.24}{\376\377\000R\000e\000t\000u\000r\000n\000s}{subsection.2.1.4}% 34
\BOOKMARK [3][-]{subsubsection*.25}{\376\377\000N\000o\000t\000e\000s}{subsection.2.1.4}% 35
\BOOKMARK [3][-]{subsubsection*.27}{\376\377\000P\000a\000r\000a\000m\000e\000t\000e\000r\000s}{subsection.2.1.4}% 36
\BOOKMARK [3][-]{subsubsection*.28}{\376\377\000R\000e\000t\000u\000r\000n\000s}{subsection.2.1.4}% 37
\BOOKMARK [3][-]{subsubsection*.30}{\376\377\000P\000a\000r\000a\000m\000e\000t\000e\000r\000s}{subsection.2.1.4}% 38
\BOOKMARK [3][-]{subsubsection*.31}{\376\377\000R\000e\000t\000u\000r\000n\000s}{subsection.2.1.4}% 39
\BOOKMARK [3][-]{subsubsection*.33}{\376\377\000P\000a\000r\000a\000m\000e\000t\000e\000r\000s}{subsection.2.1.4}% 40
\BOOKMARK [3][-]{subsubsection*.34}{\376\377\000R\000e\000t\000u\000r\000n\000s}{subsection.2.1.4}% 41
\BOOKMARK [3][-]{subsubsection*.36}{\376\377\000P\000a\000r\000a\000m\000e\000t\000e\000r\000s}{subsection.2.1.4}% 42
\BOOKMARK [3][-]{subsubsection*.37}{\376\377\000R\000e\000t\000u\000r\000n\000s}{subsection.2.1.4}% 43
\BOOKMARK [3][-]{subsubsection*.39}{\376\377\000P\000a\000r\000a\000m\000e\000t\000e\000r\000s}{subsection.2.1.4}% 44
\BOOKMARK [3][-]{subsubsection*.40}{\376\377\000R\000e\000t\000u\000r\000n\000s}{subsection.2.1.4}% 45
\BOOKMARK [3][-]{subsubsection*.42}{\376\377\000P\000a\000r\000a\000m\000e\000t\000e\000r\000s}{subsection.2.1.4}% 46
\BOOKMARK [3][-]{subsubsection*.43}{\376\377\000R\000e\000t\000u\000r\000n\000s}{subsection.2.1.4}% 47
\BOOKMARK [3][-]{subsubsection*.45}{\376\377\000P\000a\000r\000a\000m\000e\000t\000e\000r\000s}{subsection.2.1.4}% 48
\BOOKMARK [3][-]{subsubsection*.46}{\376\377\000R\000e\000t\000u\000r\000n\000s}{subsection.2.1.4}% 49
\BOOKMARK [3][-]{subsubsection*.48}{\376\377\000P\000a\000r\000a\000m\000e\000t\000e\000r\000s}{subsection.2.1.4}% 50
\BOOKMARK [3][-]{subsubsection*.49}{\376\377\000R\000e\000t\000u\000r\000n\000s}{subsection.2.1.4}% 51
\BOOKMARK [3][-]{subsubsection*.51}{\376\377\000P\000a\000r\000a\000m\000e\000t\000e\000r\000s}{subsection.2.1.4}% 52
\BOOKMARK [3][-]{subsubsection*.52}{\376\377\000R\000e\000t\000u\000r\000n\000s}{subsection.2.1.4}% 53
\BOOKMARK [3][-]{subsubsection*.54}{\376\377\000P\000a\000r\000a\000m\000e\000t\000e\000r\000s}{subsection.2.1.4}% 54
\BOOKMARK [3][-]{subsubsection*.55}{\376\377\000R\000e\000t\000u\000r\000n\000s}{subsection.2.1.4}% 55
\BOOKMARK [3][-]{subsubsection*.57}{\376\377\000P\000a\000r\000a\000m\000e\000t\000e\000r\000s}{subsection.2.1.4}% 56
\BOOKMARK [3][-]{subsubsection*.58}{\376\377\000R\000e\000t\000u\000r\000n\000s}{subsection.2.1.4}% 57
\BOOKMARK [3][-]{subsubsection*.60}{\376\377\000P\000a\000r\000a\000m\000e\000t\000e\000r\000s}{subsection.2.1.4}% 58
\BOOKMARK [3][-]{subsubsection*.61}{\376\377\000R\000e\000t\000u\000r\000n\000s}{subsection.2.1.4}% 59
\BOOKMARK [1][-]{section.2.2}{\376\377\000p\000y\000c\000a\000t\000c\000h\000.\000u\000t\000i\000l\000s}{chapter.2}% 60
\BOOKMARK [2][-]{subsection.2.2.1}{\376\377\000p\000y\000c\000a\000t\000c\000h\000.\000u\000t\000i\000l\000s\000.\000c\000a\000l\000i\000b\000r\000a\000t\000i\000o\000n\000\040\000M\000o\000d\000u\000l\000e}{section.2.2}% 61
\BOOKMARK [3][-]{subsubsection*.64}{\376\377\000P\000a\000r\000a\000m\000e\000t\000e\000r\000s}{subsection.2.2.1}% 62
\BOOKMARK [3][-]{subsubsection*.65}{\376\377\000R\000e\000t\000u\000r\000n\000s}{subsection.2.2.1}% 63
\BOOKMARK [3][-]{subsubsection*.67}{\376\377\000P\000a\000r\000a\000m\000e\000t\000e\000r\000s}{subsection.2.2.1}% 64
\BOOKMARK [3][-]{subsubsection*.68}{\376\377\000R\000e\000t\000u\000r\000n\000s}{subsection.2.2.1}% 65
\BOOKMARK [3][-]{subsubsection*.70}{\376\377\000P\000a\000r\000a\000m\000e\000t\000e\000r\000s}{subsection.2.2.1}% 66
\BOOKMARK [3][-]{subsubsection*.71}{\376\377\000R\000e\000t\000u\000r\000n\000s}{subsection.2.2.1}% 67
\BOOKMARK [3][-]{subsubsection*.73}{\376\377\000P\000a\000r\000a\000m\000e\000t\000e\000r\000s}{subsection.2.2.1}% 68
\BOOKMARK [3][-]{subsubsection*.74}{\376\377\000R\000e\000t\000u\000r\000n\000s}{subsection.2.2.1}% 69
\BOOKMARK [2][-]{subsection.2.2.2}{\376\377\000p\000y\000c\000a\000t\000c\000h\000.\000u\000t\000i\000l\000s\000.\000c\000h\000\137\000m\000a\000p\000p\000i\000n\000g\000\040\000M\000o\000d\000u\000l\000e}{section.2.2}% 70
\BOOKMARK [3][-]{subsubsection*.77}{\376\377\000P\000a\000r\000a\000m\000e\000t\000e\000r\000s}{subsection.2.2.2}% 71
\BOOKMARK [3][-]{subsubsection*.78}{\376\377\000R\000e\000t\000u\000r\000n\000s}{subsection.2.2.2}% 72
\BOOKMARK [3][-]{subsubsection*.80}{\376\377\000P\000a\000r\000a\000m\000e\000t\000e\000r\000s}{subsection.2.2.2}% 73
\BOOKMARK [3][-]{subsubsection*.81}{\376\377\000R\000e\000t\000u\000r\000n\000s}{subsection.2.2.2}% 74
\BOOKMARK [3][-]{subsubsection*.83}{\376\377\000P\000a\000r\000a\000m\000e\000t\000e\000r\000s}{subsection.2.2.2}% 75
\BOOKMARK [3][-]{subsubsection*.84}{\376\377\000R\000e\000t\000u\000r\000n\000s}{subsection.2.2.2}% 76
\BOOKMARK [3][-]{subsubsection*.86}{\376\377\000P\000a\000r\000a\000m\000e\000t\000e\000r\000s}{subsection.2.2.2}% 77
\BOOKMARK [3][-]{subsubsection*.87}{\376\377\000R\000e\000t\000u\000r\000n\000s}{subsection.2.2.2}% 78
\BOOKMARK [3][-]{subsubsection*.89}{\376\377\000P\000a\000r\000a\000m\000e\000t\000e\000r\000s}{subsection.2.2.2}% 79
\BOOKMARK [3][-]{subsubsection*.90}{\376\377\000R\000e\000t\000u\000r\000n\000s}{subsection.2.2.2}% 80
\BOOKMARK [3][-]{subsubsection*.92}{\376\377\000P\000a\000r\000a\000m\000e\000t\000e\000r\000s}{subsection.2.2.2}% 81
\BOOKMARK [3][-]{subsubsection*.93}{\376\377\000R\000e\000t\000u\000r\000n\000s}{subsection.2.2.2}% 82
\BOOKMARK [3][-]{subsubsection*.95}{\376\377\000P\000a\000r\000a\000m\000e\000t\000e\000r\000s}{subsection.2.2.2}% 83
\BOOKMARK [3][-]{subsubsection*.96}{\376\377\000R\000e\000t\000u\000r\000n\000s}{subsection.2.2.2}% 84
\BOOKMARK [3][-]{subsubsection*.98}{\376\377\000P\000a\000r\000a\000m\000e\000t\000e\000r\000s}{subsection.2.2.2}% 85
\BOOKMARK [3][-]{subsubsection*.99}{\376\377\000R\000e\000t\000u\000r\000n\000s}{subsection.2.2.2}% 86
\BOOKMARK [3][-]{subsubsection*.101}{\376\377\000P\000a\000r\000a\000m\000e\000t\000e\000r\000s}{subsection.2.2.2}% 87
\BOOKMARK [3][-]{subsubsection*.102}{\376\377\000R\000e\000t\000u\000r\000n\000s}{subsection.2.2.2}% 88
\BOOKMARK [3][-]{subsubsection*.104}{\376\377\000P\000a\000r\000a\000m\000e\000t\000e\000r\000s}{subsection.2.2.2}% 89
\BOOKMARK [3][-]{subsubsection*.105}{\376\377\000R\000e\000t\000u\000r\000n\000s}{subsection.2.2.2}% 90
\BOOKMARK [3][-]{subsubsection*.107}{\376\377\000P\000a\000r\000a\000m\000e\000t\000e\000r\000s}{subsection.2.2.2}% 91
\BOOKMARK [3][-]{subsubsection*.108}{\376\377\000R\000e\000t\000u\000r\000n\000s}{subsection.2.2.2}% 92
\BOOKMARK [3][-]{subsubsection*.110}{\376\377\000P\000a\000r\000a\000m\000e\000t\000e\000r\000s}{subsection.2.2.2}% 93
\BOOKMARK [3][-]{subsubsection*.111}{\376\377\000R\000e\000t\000u\000r\000n\000s}{subsection.2.2.2}% 94
\BOOKMARK [3][-]{subsubsection*.113}{\376\377\000P\000a\000r\000a\000m\000e\000t\000e\000r\000s}{subsection.2.2.2}% 95
\BOOKMARK [3][-]{subsubsection*.114}{\376\377\000R\000e\000t\000u\000r\000n\000s}{subsection.2.2.2}% 96
\BOOKMARK [3][-]{subsubsection*.116}{\376\377\000P\000a\000r\000a\000m\000e\000t\000e\000r\000s}{subsection.2.2.2}% 97
\BOOKMARK [3][-]{subsubsection*.117}{\376\377\000R\000e\000t\000u\000r\000n\000s}{subsection.2.2.2}% 98
\BOOKMARK [3][-]{subsubsection*.119}{\376\377\000P\000a\000r\000a\000m\000e\000t\000e\000r\000s}{subsection.2.2.2}% 99
\BOOKMARK [3][-]{subsubsection*.120}{\376\377\000R\000e\000t\000u\000r\000n\000s}{subsection.2.2.2}% 100
\BOOKMARK [2][-]{subsection.2.2.3}{\376\377\000p\000y\000c\000a\000t\000c\000h\000.\000u\000t\000i\000l\000s\000.\000e\000x\000t\000e\000n\000s\000i\000o\000n\000s\000\040\000M\000o\000d\000u\000l\000e}{section.2.2}% 101
\BOOKMARK [3][-]{subsubsection*.123}{\376\377\000P\000a\000r\000a\000m\000e\000t\000e\000r\000s}{subsection.2.2.3}% 102
\BOOKMARK [3][-]{subsubsection*.124}{\376\377\000R\000e\000t\000u\000r\000n\000s}{subsection.2.2.3}% 103
\BOOKMARK [3][-]{subsubsection*.125}{\376\377\000N\000o\000t\000e\000s}{subsection.2.2.3}% 104
\BOOKMARK [3][-]{subsubsection*.127}{\376\377\000P\000a\000r\000a\000m\000e\000t\000e\000r\000s}{subsection.2.2.3}% 105
\BOOKMARK [3][-]{subsubsection*.128}{\376\377\000R\000e\000t\000u\000r\000n\000s}{subsection.2.2.3}% 106
\BOOKMARK [3][-]{subsubsection*.130}{\376\377\000P\000a\000r\000a\000m\000e\000t\000e\000r\000s}{subsection.2.2.3}% 107
\BOOKMARK [3][-]{subsubsection*.131}{\376\377\000R\000e\000t\000u\000r\000n\000s}{subsection.2.2.3}% 108
\BOOKMARK [3][-]{subsubsection*.133}{\376\377\000R\000e\000t\000u\000r\000n\000s}{subsection.2.2.3}% 109
\BOOKMARK [3][-]{subsubsection*.135}{\376\377\000P\000a\000r\000a\000m\000e\000t\000e\000r\000s}{subsection.2.2.3}% 110
\BOOKMARK [3][-]{subsubsection*.136}{\376\377\000R\000e\000t\000u\000r\000n\000s}{subsection.2.2.3}% 111
\BOOKMARK [3][-]{subsubsection*.138}{\376\377\000P\000a\000r\000a\000m\000e\000t\000e\000r\000s}{subsection.2.2.3}% 112
\BOOKMARK [3][-]{subsubsection*.139}{\376\377\000R\000e\000t\000u\000r\000n\000s}{subsection.2.2.3}% 113
\BOOKMARK [2][-]{subsection.2.2.4}{\376\377\000p\000y\000c\000a\000t\000c\000h\000.\000u\000t\000i\000l\000s\000.\000p\000l\000o\000t\000\040\000M\000o\000d\000u\000l\000e}{section.2.2}% 114
\BOOKMARK [3][-]{subsubsection*.142}{\376\377\000P\000a\000r\000a\000m\000e\000t\000e\000r\000s}{subsection.2.2.4}% 115
\BOOKMARK [3][-]{subsubsection*.143}{\376\377\000A\000t\000t\000r\000i\000b\000u\000t\000e\000s}{subsection.2.2.4}% 116
\BOOKMARK [3][-]{subsubsection*.144}{\376\377\000M\000e\000t\000h\000o\000d\000s}{subsection.2.2.4}% 117
\BOOKMARK [3][-]{subsubsection*.146}{\376\377\000P\000a\000r\000a\000m\000e\000t\000e\000r\000s}{subsection.2.2.4}% 118
\BOOKMARK [3][-]{subsubsection*.147}{\376\377\000R\000e\000t\000u\000r\000n\000s}{subsection.2.2.4}% 119
\BOOKMARK [3][-]{subsubsection*.149}{\376\377\000P\000a\000r\000a\000m\000e\000t\000e\000r\000s}{subsection.2.2.4}% 120
\BOOKMARK [3][-]{subsubsection*.150}{\376\377\000R\000e\000t\000u\000r\000n\000s}{subsection.2.2.4}% 121
\BOOKMARK [3][-]{subsubsection*.152}{\376\377\000P\000a\000r\000a\000m\000e\000t\000e\000r\000s}{subsection.2.2.4}% 122
\BOOKMARK [3][-]{subsubsection*.153}{\376\377\000R\000e\000t\000u\000r\000n\000s}{subsection.2.2.4}% 123
\BOOKMARK [3][-]{subsubsection*.155}{\376\377\000P\000a\000r\000a\000m\000e\000t\000e\000r\000s}{subsection.2.2.4}% 124
\BOOKMARK [3][-]{subsubsection*.156}{\376\377\000R\000e\000t\000u\000r\000n\000s}{subsection.2.2.4}% 125
\BOOKMARK [0][-]{chapter.3}{\376\377\000C\000h\000a\000n\000g\000e\000l\000o\000g}{}% 126
\BOOKMARK [1][-]{section.3.1}{\376\377\0000\000.\0002\000.\0001\000\040\000\050\000N\000o\000v\000e\000m\000e\000b\000e\000r\000\040\0009\000,\000\040\0002\0000\0002\0003\000\051}{chapter.3}% 127
\BOOKMARK [1][-]{section.3.2}{\376\377\0000\000.\0002\000.\0000\000\040\000\050\000S\000e\000p\000t\000e\000m\000b\000e\000r\000\040\0002\0000\0002\0003\000\051}{chapter.3}% 128
\BOOKMARK [1][-]{section.3.3}{\376\377\0000\000.\0001\000.\0000\000\040\000\050\000S\000e\000p\000t\000e\000m\000b\000e\000r\000\040\0002\0000\0002\0003\000\051}{chapter.3}% 129
\BOOKMARK [0][-]{chapter.4}{\376\377\000A\000c\000k\000n\000o\000w\000l\000e\000d\000g\000i\000n\000g\000\040\000o\000r\000\040\000C\000i\000t\000i\000n\000g\000\040\000p\000y\000C\000A\000T\000C\000H}{}% 130
\BOOKMARK [1][-]{section.4.1}{\376\377\000D\000I\000S\000C\000L\000A\000I\000M\000E\000R}{chapter.4}% 131
\BOOKMARK [2][-]{subsection.4.1.1}{\376\377\000C\000i\000t\000i\000n\000g\000\040\000p\000y\000C\000A\000T\000C\000H\000\040\000i\000n\000\040\000P\000u\000b\000l\000i\000c\000a\000t\000i\000o\000n\000s}{section.4.1}% 132
\BOOKMARK [0][-]{chapter.5}{\376\377\000R\000e\000f\000e\000r\000e\000n\000c\000e\000s}{}% 133
\BOOKMARK [0][-]{section*.157}{\376\377\000P\000y\000t\000h\000o\000n\000\040\000M\000o\000d\000u\000l\000e\000\040\000I\000n\000d\000e\000x}{}% 134
\BOOKMARK [0][-]{section*.158}{\376\377\000I\000n\000d\000e\000x}{}% 135
